<?xml version="1.0" encoding="UTF-8"?>
<!-- Generated by org.testng.reporters.JUnitReportReporter -->
<testsuite skipped="4" hostname="Rashid-PC" name="com.qa.crm.tests.LoginPageTest" tests="5" failures="0" timestamp="08 Sep 2019 10:23:00 GMT" time="17.293" errors="0">
  <testcase name="verifyToClickOnSignUpLink" time="17.293" classname="com.qa.crm.tests.LoginPageTest"/>
  <testcase name="verifyToLoginToCRMPROApp" classname="com.qa.crm.tests.LoginPageTest">
    <skipped/>
  </testcase> <!-- verifyToLoginToCRMPROApp -->
  <testcase name="verifySignUpLinkIsDisplayed" classname="com.qa.crm.tests.LoginPageTest">
    <skipped/>
  </testcase> <!-- verifySignUpLinkIsDisplayed -->
  <testcase name="verifyCRMLogoInLoginScreenTest" classname="com.qa.crm.tests.LoginPageTest">
    <skipped/>
  </testcase> <!-- verifyCRMLogoInLoginScreenTest -->
  <testcase name="verifyLoginPageTitleTest" classname="com.qa.crm.tests.LoginPageTest">
    <skipped/>
  </testcase> <!-- verifyLoginPageTitleTest -->
</testsuite> <!-- com.qa.crm.tests.LoginPageTest -->
