<?xml version="1.0" encoding="UTF-8"?>
<!-- Generated by org.testng.reporters.JUnitReportReporter -->
<testsuite skipped="1" hostname="HIBAIL55565" name="com.qa.crm.tests.SignUpPageTest" tests="1" failures="0" timestamp="11 Sep 2019 11:34:02 GMT" time="0.554" errors="0">
  <testcase name="validateRegisterNewUserWithFreeEditionTest" time="0.554" classname="com.qa.crm.tests.SignUpPageTest">
    <skipped/>
  </testcase> <!-- validateRegisterNewUserWithFreeEditionTest -->
</testsuite> <!-- com.qa.crm.tests.SignUpPageTest -->
