<?xml version="1.0" encoding="UTF-8"?>
<!-- Generated by org.testng.reporters.JUnitReportReporter -->
<testsuite skipped="0" hostname="HIBAIL55565" name="com.qa.crm.tests.SignUpPageTest" tests="2" failures="0" timestamp="10 Sep 2019 10:05:50 GMT" time="36.173" errors="0">
  <testcase name="validateRegisterNewUserWithFreeEditionTest" time="19.756" classname="com.qa.crm.tests.SignUpPageTest"/>
  <testcase name="validateRegisterNewUserWithFreeEditionTest" time="16.417" classname="com.qa.crm.tests.SignUpPageTest"/>
</testsuite> <!-- com.qa.crm.tests.SignUpPageTest -->
