<?xml version="1.0" encoding="UTF-8"?>
<!-- Generated by org.testng.reporters.JUnitReportReporter -->
<testsuite skipped="0" hostname="HIBAIL55565" name="com.qa.crm.tests.SignUpPageTest" tests="2" failures="0" timestamp="12 Sep 2019 08:55:55 GMT" time="49.114" errors="0">
  <testcase name="validateRegisterNewUserWithFreeEditionTest" time="22.031" classname="com.qa.crm.tests.SignUpPageTest"/>
  <testcase name="validateRegisterNewUserWithFreeEditionTest" time="27.083" classname="com.qa.crm.tests.SignUpPageTest"/>
</testsuite> <!-- com.qa.crm.tests.SignUpPageTest -->
