<?xml version="1.0" encoding="UTF-8"?>
<!-- Generated by org.testng.reporters.JUnitReportReporter -->
<testsuite skipped="0" hostname="Rashid-PC" name="com.qa.crm.tests.LoginPageTest" tests="5" failures="0" timestamp="08 Sep 2019 13:53:55 GMT" time="108.062" errors="0">
  <testcase name="verifyCRMLogoInLoginScreenTest" time="15.744" classname="com.qa.crm.tests.LoginPageTest"/>
  <testcase name="verifyLoginPageTitleTest" time="37.295" classname="com.qa.crm.tests.LoginPageTest"/>
  <testcase name="verifyToLoginToCRMPROApp" time="24.766" classname="com.qa.crm.tests.LoginPageTest"/>
  <testcase name="verifySignUpLinkIsDisplayed" time="16.295" classname="com.qa.crm.tests.LoginPageTest"/>
  <testcase name="verifyToClickOnSignUpLink" time="13.962" classname="com.qa.crm.tests.LoginPageTest"/>
</testsuite> <!-- com.qa.crm.tests.LoginPageTest -->
